2022-05-06 22:25:14.451  INFO 16064 --- [main] COMS309.Final.FinalApplication           : Starting FinalApplication using Java 15.0.2 on MSI with PID 16064 (C:\Users\Dhimal\IdeaProjects\2_do_1\backend\Final\target\classes started by Dhimal in C:\Users\Dhimal\IdeaProjects\2_do_1\backend\Final)
2022-05-06 22:25:14.467  INFO 16064 --- [main] COMS309.Final.FinalApplication           : No active profile set, falling back to 1 default profile: "default"
2022-05-06 22:25:16.920  INFO 16064 --- [main] .s.d.r.c.RepositoryConfigurationDelegate : Bootstrapping Spring Data JPA repositories in DEFAULT mode.
2022-05-06 22:25:17.099  INFO 16064 --- [main] .s.d.r.c.RepositoryConfigurationDelegate : Finished Spring Data repository scanning in 143 ms. Found 9 JPA repository interfaces.
2022-05-06 22:25:19.315  INFO 16064 --- [main] o.s.b.w.embedded.tomcat.TomcatWebServer  : Tomcat initialized with port(s): 8080 (http)
2022-05-06 22:25:19.346  INFO 16064 --- [main] o.apache.catalina.core.StandardService   : Starting service [Tomcat]
2022-05-06 22:25:19.348  INFO 16064 --- [main] org.apache.catalina.core.StandardEngine  : Starting Servlet engine: [Apache Tomcat/9.0.60]
2022-05-06 22:25:19.972  INFO 16064 --- [main] o.a.c.c.C.[Tomcat].[localhost].[/]       : Initializing Spring embedded WebApplicationContext
2022-05-06 22:25:19.974  INFO 16064 --- [main] w.s.c.ServletWebServerApplicationContext : Root WebApplicationContext: initialization completed in 5279 ms
2022-05-06 22:25:20.599  INFO 16064 --- [main] o.hibernate.jpa.internal.util.LogHelper  : HHH000204: Processing PersistenceUnitInfo [name: default]
2022-05-06 22:25:20.721  INFO 16064 --- [main] org.hibernate.Version                    : HHH000412: Hibernate ORM core version 5.6.7.Final
2022-05-06 22:25:21.130  INFO 16064 --- [main] o.hibernate.annotations.common.Version   : HCANN000001: Hibernate Commons Annotations {5.1.2.Final}
2022-05-06 22:25:21.374  INFO 16064 --- [main] com.zaxxer.hikari.HikariDataSource       : HikariPool-1 - Starting...
2022-05-06 22:25:22.182  INFO 16064 --- [main] com.zaxxer.hikari.HikariDataSource       : HikariPool-1 - Start completed.
2022-05-06 22:25:22.259  INFO 16064 --- [main] org.hibernate.dialect.Dialect            : HHH000400: Using dialect: org.hibernate.dialect.MySQL8Dialect
2022-05-06 22:25:24.736  INFO 16064 --- [main] o.h.e.t.j.p.i.JtaPlatformInitiator       : HHH000490: Using JtaPlatform implementation: [org.hibernate.engine.transaction.jta.platform.internal.NoJtaPlatform]
2022-05-06 22:25:24.759  INFO 16064 --- [main] j.LocalContainerEntityManagerFactoryBean : Initialized JPA EntityManagerFactory for persistence unit 'default'
2022-05-06 22:25:26.837  WARN 16064 --- [main] JpaBaseConfiguration$JpaWebConfiguration : spring.jpa.open-in-view is enabled by default. Therefore, database queries may be performed during view rendering. Explicitly configure spring.jpa.open-in-view to disable this warning
2022-05-06 22:25:27.932  INFO 16064 --- [main] o.s.b.w.embedded.tomcat.TomcatWebServer  : Tomcat started on port(s): 8080 (http) with context path ''
2022-05-06 22:25:29.519  INFO 16064 --- [main] COMS309.Final.FinalApplication           : Started FinalApplication in 16.374 seconds (JVM running for 17.916)
2022-05-06 22:30:36.560  INFO 22444 --- [main] COMS309.Final.assignmentTests            : Starting assignmentTests using Java 15.0.2 on MSI with PID 22444 (started by Dhimal in C:\Users\Dhimal\IdeaProjects\2_do_1\backend\Final)
2022-05-06 22:30:36.565  INFO 22444 --- [main] COMS309.Final.assignmentTests            : No active profile set, falling back to 1 default profile: "default"
2022-05-06 22:30:38.866  INFO 22444 --- [main] .s.d.r.c.RepositoryConfigurationDelegate : Bootstrapping Spring Data JPA repositories in DEFAULT mode.
2022-05-06 22:30:39.051  INFO 22444 --- [main] .s.d.r.c.RepositoryConfigurationDelegate : Finished Spring Data repository scanning in 166 ms. Found 9 JPA repository interfaces.
2022-05-06 22:30:41.795  INFO 22444 --- [main] o.s.b.w.embedded.tomcat.TomcatWebServer  : Tomcat initialized with port(s): 0 (http)
2022-05-06 22:30:41.836  INFO 22444 --- [main] o.apache.catalina.core.StandardService   : Starting service [Tomcat]
2022-05-06 22:30:41.836  INFO 22444 --- [main] org.apache.catalina.core.StandardEngine  : Starting Servlet engine: [Apache Tomcat/9.0.60]
2022-05-06 22:30:42.303  INFO 22444 --- [main] o.a.c.c.C.[Tomcat].[localhost].[/]       : Initializing Spring embedded WebApplicationContext
2022-05-06 22:30:42.304  INFO 22444 --- [main] w.s.c.ServletWebServerApplicationContext : Root WebApplicationContext: initialization completed in 5103 ms
2022-05-06 22:30:43.176  INFO 22444 --- [main] o.hibernate.jpa.internal.util.LogHelper  : HHH000204: Processing PersistenceUnitInfo [name: default]
2022-05-06 22:30:43.333  INFO 22444 --- [main] org.hibernate.Version                    : HHH000412: Hibernate ORM core version 5.6.7.Final
2022-05-06 22:30:43.940  INFO 22444 --- [main] o.hibernate.annotations.common.Version   : HCANN000001: Hibernate Commons Annotations {5.1.2.Final}
2022-05-06 22:30:44.235  INFO 22444 --- [main] com.zaxxer.hikari.HikariDataSource       : HikariPool-1 - Starting...
2022-05-06 22:30:45.145  INFO 22444 --- [main] com.zaxxer.hikari.HikariDataSource       : HikariPool-1 - Start completed.
2022-05-06 22:30:45.300  INFO 22444 --- [main] org.hibernate.dialect.Dialect            : HHH000400: Using dialect: org.hibernate.dialect.MySQL8Dialect
2022-05-06 22:30:48.062  INFO 22444 --- [main] o.h.e.t.j.p.i.JtaPlatformInitiator       : HHH000490: Using JtaPlatform implementation: [org.hibernate.engine.transaction.jta.platform.internal.NoJtaPlatform]
2022-05-06 22:30:48.096  INFO 22444 --- [main] j.LocalContainerEntityManagerFactoryBean : Initialized JPA EntityManagerFactory for persistence unit 'default'
2022-05-06 22:30:50.354  WARN 22444 --- [main] JpaBaseConfiguration$JpaWebConfiguration : spring.jpa.open-in-view is enabled by default. Therefore, database queries may be performed during view rendering. Explicitly configure spring.jpa.open-in-view to disable this warning
2022-05-06 22:30:52.210  INFO 22444 --- [main] o.s.b.w.embedded.tomcat.TomcatWebServer  : Tomcat started on port(s): 56684 (http) with context path ''
2022-05-06 22:30:53.406  INFO 22444 --- [main] COMS309.Final.assignmentTests            : Started assignmentTests in 17.592 seconds (JVM running for 21.712)
2022-05-06 22:30:56.145  INFO 22444 --- [http-nio-auto-1-exec-1] o.a.c.c.C.[Tomcat].[localhost].[/]       : Initializing Spring DispatcherServlet 'dispatcherServlet'
2022-05-06 22:30:56.145  INFO 22444 --- [http-nio-auto-1-exec-1] o.s.web.servlet.DispatcherServlet        : Initializing Servlet 'dispatcherServlet'
2022-05-06 22:30:56.151  INFO 22444 --- [http-nio-auto-1-exec-1] o.s.web.servlet.DispatcherServlet        : Completed initialization in 2 ms
2022-05-06 22:31:01.144  INFO 22444 --- [main] .b.t.c.SpringBootTestContextBootstrapper : Neither @ContextConfiguration nor @ContextHierarchy found for test class [COMS309.Final.FinalApplicationTests], using SpringBootContextLoader
2022-05-06 22:31:01.148  INFO 22444 --- [main] o.s.t.c.support.AbstractContextLoader    : Could not detect default resource locations for test class [COMS309.Final.FinalApplicationTests]: no resource found for suffixes {-context.xml, Context.groovy}.
2022-05-06 22:31:01.148  INFO 22444 --- [main] t.c.s.AnnotationConfigContextLoaderUtils : Could not detect default configuration classes for test class [COMS309.Final.FinalApplicationTests]: FinalApplicationTests does not declare any static, non-private, non-final, nested classes annotated with @Configuration.
2022-05-06 22:31:01.152  INFO 22444 --- [main] .b.t.c.SpringBootTestContextBootstrapper : Found @SpringBootConfiguration COMS309.Final.FinalApplication for test class COMS309.Final.FinalApplicationTests
2022-05-06 22:31:01.152  INFO 22444 --- [main] .b.t.c.SpringBootTestContextBootstrapper : Loaded default TestExecutionListener class names from location [META-INF/spring.factories]: [org.springframework.boot.test.mock.mockito.MockitoTestExecutionListener, org.springframework.boot.test.mock.mockito.ResetMocksTestExecutionListener, org.springframework.boot.test.autoconfigure.restdocs.RestDocsTestExecutionListener, org.springframework.boot.test.autoconfigure.web.client.MockRestServiceServerResetTestExecutionListener, org.springframework.boot.test.autoconfigure.web.servlet.MockMvcPrintOnlyOnFailureTestExecutionListener, org.springframework.boot.test.autoconfigure.web.servlet.WebDriverTestExecutionListener, org.springframework.boot.test.autoconfigure.webservices.client.MockWebServiceServerTestExecutionListener, org.springframework.test.context.web.ServletTestExecutionListener, org.springframework.test.context.support.DirtiesContextBeforeModesTestExecutionListener, org.springframework.test.context.event.ApplicationEventsTestExecutionListener, org.springframework.test.context.support.DependencyInjectionTestExecutionListener, org.springframework.test.context.support.DirtiesContextTestExecutionListener, org.springframework.test.context.transaction.TransactionalTestExecutionListener, org.springframework.test.context.jdbc.SqlScriptsTestExecutionListener, org.springframework.test.context.event.EventPublishingTestExecutionListener]
2022-05-06 22:31:01.156  INFO 22444 --- [main] .b.t.c.SpringBootTestContextBootstrapper : Using TestExecutionListeners: [org.springframework.test.context.web.ServletTestExecutionListener@768dcd21, org.springframework.test.context.support.DirtiesContextBeforeModesTestExecutionListener@1be598c, org.springframework.test.context.event.ApplicationEventsTestExecutionListener@1582dfec, org.springframework.boot.test.mock.mockito.MockitoTestExecutionListener@1bae8e5e, org.springframework.boot.test.autoconfigure.SpringBootDependencyInjectionTestExecutionListener@352bccf, org.springframework.test.context.support.DirtiesContextTestExecutionListener@70d3e710, org.springframework.test.context.transaction.TransactionalTestExecutionListener@732d2b59, org.springframework.test.context.jdbc.SqlScriptsTestExecutionListener@1c1e971c, org.springframework.test.context.event.EventPublishingTestExecutionListener@abce494, org.springframework.boot.test.mock.mockito.ResetMocksTestExecutionListener@65b869b4, org.springframework.boot.test.autoconfigure.restdocs.RestDocsTestExecutionListener@7f55e1b9, org.springframework.boot.test.autoconfigure.web.client.MockRestServiceServerResetTestExecutionListener@171b3f38, org.springframework.boot.test.autoconfigure.web.servlet.MockMvcPrintOnlyOnFailureTestExecutionListener@7a6ef10b, org.springframework.boot.test.autoconfigure.web.servlet.WebDriverTestExecutionListener@5cbdc23b, org.springframework.boot.test.autoconfigure.webservices.client.MockWebServiceServerTestExecutionListener@c35b83c]
2022-05-06 22:31:01.266  INFO 22444 --- [SpringApplicationShutdownHook] j.LocalContainerEntityManagerFactoryBean : Closing JPA EntityManagerFactory for persistence unit 'default'
2022-05-06 22:31:01.267  INFO 22444 --- [SpringApplicationShutdownHook] com.zaxxer.hikari.HikariDataSource       : HikariPool-1 - Shutdown initiated...
2022-05-06 22:31:01.307  INFO 22444 --- [SpringApplicationShutdownHook] com.zaxxer.hikari.HikariDataSource       : HikariPool-1 - Shutdown completed.
