2022-04-06 09:13:27.490  WARN 40484 --- [HikariPool-1 housekeeper] com.zaxxer.hikari.pool.HikariPool        : HikariPool-1 - Thread starvation or clock leap detected (housekeeper delta=11h40m35s145ms970µs200ns).
2022-04-06 09:20:40.235  INFO 40484 --- [Thread-4] o.s.s.concurrent.ThreadPoolTaskExecutor  : Shutting down ExecutorService 'applicationTaskExecutor'
2022-04-06 09:20:40.240  INFO 40484 --- [Thread-4] j.LocalContainerEntityManagerFactoryBean : Closing JPA EntityManagerFactory for persistence unit 'default'
2022-04-06 09:20:40.251  INFO 40484 --- [Thread-4] com.zaxxer.hikari.HikariDataSource       : HikariPool-1 - Shutdown initiated...
2022-04-06 09:20:40.262  INFO 40484 --- [Thread-4] com.zaxxer.hikari.HikariDataSource       : HikariPool-1 - Shutdown completed.
2022-04-06 09:20:40.542  INFO 40484 --- [restartedMain] com.example.demo.Phase1Application       : Starting Phase1Application using Java 15.0.2 on DESKTOP-BJJIG3E with PID 40484 (C:\Users\macwh\coms309\2_do_1\experiments\mwhitney\springbootExp\Phase1\target\classes started by macwh in C:\Users\macwh\coms309\2_do_1\experiments\mwhitney\springbootExp\Phase1)
2022-04-06 09:20:40.543  INFO 40484 --- [restartedMain] com.example.demo.Phase1Application       : No active profile set, falling back to default profiles: default
2022-04-06 09:20:40.789  INFO 40484 --- [restartedMain] .s.d.r.c.RepositoryConfigurationDelegate : Bootstrapping Spring Data JPA repositories in DEFAULT mode.
2022-04-06 09:20:40.812  INFO 40484 --- [restartedMain] .s.d.r.c.RepositoryConfigurationDelegate : Finished Spring Data repository scanning in 22 ms. Found 3 JPA repository interfaces.
2022-04-06 09:20:41.028  INFO 40484 --- [restartedMain] o.s.b.w.embedded.tomcat.TomcatWebServer  : Tomcat initialized with port(s): 8080 (http)
2022-04-06 09:20:41.029  INFO 40484 --- [restartedMain] o.apache.catalina.core.StandardService   : Starting service [Tomcat]
2022-04-06 09:20:41.029  INFO 40484 --- [restartedMain] org.apache.catalina.core.StandardEngine  : Starting Servlet engine: [Apache Tomcat/9.0.39]
2022-04-06 09:20:41.075  INFO 40484 --- [restartedMain] o.a.c.c.C.[Tomcat].[localhost].[/]       : Initializing Spring embedded WebApplicationContext
2022-04-06 09:20:41.076  INFO 40484 --- [restartedMain] w.s.c.ServletWebServerApplicationContext : Root WebApplicationContext: initialization completed in 528 ms
2022-04-06 09:20:41.141  INFO 40484 --- [restartedMain] o.hibernate.jpa.internal.util.LogHelper  : HHH000204: Processing PersistenceUnitInfo [name: default]
2022-04-06 09:20:41.154  INFO 40484 --- [restartedMain] com.zaxxer.hikari.HikariDataSource       : HikariPool-2 - Starting...
2022-04-06 09:20:41.163  INFO 40484 --- [restartedMain] com.zaxxer.hikari.HikariDataSource       : HikariPool-2 - Start completed.
2022-04-06 09:20:41.163  INFO 40484 --- [restartedMain] org.hibernate.dialect.Dialect            : HHH000400: Using dialect: org.hibernate.dialect.MySQL8Dialect
2022-04-06 09:20:41.324  INFO 40484 --- [restartedMain] o.h.e.t.j.p.i.JtaPlatformInitiator       : HHH000490: Using JtaPlatform implementation: [org.hibernate.engine.transaction.jta.platform.internal.NoJtaPlatform]
2022-04-06 09:20:41.325  INFO 40484 --- [restartedMain] j.LocalContainerEntityManagerFactoryBean : Initialized JPA EntityManagerFactory for persistence unit 'default'
2022-04-06 09:20:41.339  INFO 40484 --- [restartedMain] o.s.b.d.a.OptionalLiveReloadServer       : LiveReload server is running on port 35729
2022-04-06 09:20:41.483  WARN 40484 --- [restartedMain] JpaBaseConfiguration$JpaWebConfiguration : spring.jpa.open-in-view is enabled by default. Therefore, database queries may be performed during view rendering. Explicitly configure spring.jpa.open-in-view to disable this warning
2022-04-06 09:20:41.532  INFO 40484 --- [restartedMain] o.s.s.concurrent.ThreadPoolTaskExecutor  : Initializing ExecutorService 'applicationTaskExecutor'
2022-04-06 09:20:41.624  INFO 40484 --- [restartedMain] o.s.b.w.embedded.tomcat.TomcatWebServer  : Tomcat started on port(s): 8080 (http) with context path ''
2022-04-06 09:20:41.629  INFO 40484 --- [restartedMain] com.example.demo.Phase1Application       : Started Phase1Application in 1.139 seconds (JVM running for 42956.292)
2022-04-06 09:20:41.645  INFO 40484 --- [restartedMain] .ConditionEvaluationDeltaLoggingListener : Condition evaluation unchanged
